<!DOCTYPE html PUBLIC "-//W3C//DTD XHTML 1.1//EN" "http://www.w3.org/TR/xhtml11/DTD/xhtml11.dtd">
<html xmlns="http://www.w3.org/1999/xhtml">
<head>
<meta http-equiv="content-type" content="text/html; charset=UTF-8"/>
<title>TestNG Report</title>
<style type="text/css">table {margin-bottom:10px;border-collapse:collapse;empty-cells:show}th,td {border:1px solid #009;padding:.25em .5em}th {vertical-align:bottom}td {vertical-align:top}table a {font-weight:bold}.stripe td {background-color: #E6EBF9}.num {text-align:right}.passedodd td {background-color: #3F3}.passedeven td {background-color: #0A0}.skippedodd td {background-color: #DDD}.skippedeven td {background-color: #CCC}.failedodd td,.attn {background-color: #F33}.failedeven td,.stripe .attn {background-color: #D00}.stacktrace {white-space:pre;font-family:monospace}.totop {font-size:85%;text-align:center;border-bottom:2px solid #000}.invisible {display:none}</style>
</head>
<body>
<table>
<tr><th>Test</th><th># Passed</th><th># Skipped</th><th># Failed</th><th>Time (ms)</th><th>Included Groups</th><th>Excluded Groups</th></tr>
<tr><th colspan="7">Suite</th></tr>
<tr><td><a href="#t0">LoginTest</a></td><td class="num">0</td><td class="num">0</td><td class="num attn">1</td><td class="num">21,200</td><td></td><td></td></tr>
<tr class="stripe"><td><a href="#t1">RegistrationTest</a></td><td class="num">0</td><td class="num">0</td><td class="num attn">1</td><td class="num">18,047</td><td></td><td></td></tr>
<tr><td><a href="#t2">VerifySortFilter</a></td><td class="num">0</td><td class="num">0</td><td class="num attn">1</td><td class="num">134,232</td><td></td><td></td></tr>
<tr><th>Total</th><th class="num">0</th><th class="num">0</th><th class="num attn">3</th><th class="num">173,479</th><th colspan="2"></th></tr>
</table>
<table id='summary'><thead><tr><th>Class</th><th>Method</th><th>Start</th><th>Time (ms)</th></tr></thead><tbody><tr><th colspan="4">Suite</th></tr></tbody><tbody id="t0"><tr><th colspan="4">LoginTest &#8212; failed (configuration methods)</th></tr><tr class="failedeven"><td rowspan="1">com.uiFramework.companyName.projectName.helper.testScripts.LoginTest</td><td><a href="#m0">afterMethod</a></td><td rowspan="1">1566416479644</td><td rowspan="1">134</td></tr><tr><th colspan="4">LoginTest &#8212; failed</th></tr><tr class="failedeven"><td rowspan="1">com.uiFramework.companyName.projectName.helper.testScripts.LoginTest</td><td><a href="#m1">testLoginToApplication</a></td><td rowspan="1">1566416463973</td><td rowspan="1">15658</td></tr></tbody>
<tbody id="t1"><tr><th colspan="4">RegistrationTest &#8212; failed (configuration methods)</th></tr><tr class="failedeven"><td rowspan="1">com.uiFramework.companyName.projectName.helper.testScripts.RegistrationTest</td><td><a href="#m2">afterMethod</a></td><td rowspan="1">1566416497840</td><td rowspan="1">13</td></tr><tr><th colspan="4">RegistrationTest &#8212; failed</th></tr><tr class="failedeven"><td rowspan="1">com.uiFramework.companyName.projectName.helper.testScripts.RegistrationTest</td><td><a href="#m3">testToRegisterNewUser</a></td><td rowspan="1">1566416484632</td><td rowspan="1">13206</td></tr></tbody>
<tbody id="t2"><tr><th colspan="4">VerifySortFilter &#8212; failed (configuration methods)</th></tr><tr class="failedeven"><td rowspan="1">com.uiFramework.companyName.projectName.helper.testScripts.VerifySortFilter</td><td><a href="#m4">afterMethod</a></td><td rowspan="1">1566416632078</td><td rowspan="1">16</td></tr><tr><th colspan="4">VerifySortFilter &#8212; failed</th></tr><tr class="failedeven"><td rowspan="1">com.uiFramework.companyName.projectName.helper.testScripts.VerifySortFilter</td><td><a href="#m5">verifyLowestFirstPriceInProductList</a></td><td rowspan="1">1566416502607</td><td rowspan="1">129468</td></tr></tbody>
</table>
<h2>LoginTest</h2><h3 id="m0">com.uiFramework.companyName.projectName.helper.testScripts.LoginTest#afterMethod</h3><table class="result"><tr class="param"><th>Parameter #1</th></tr><tr class="param stripe"><td>[TestResult name=testLoginToApplication status=FAILURE method=LoginTest.testLoginToApplication()[pri:0, instance:com.uiFramework.companyName.projectName.helper.testScripts.LoginTest@2b9627bc] output={null}]</td></tr><tr><th>Messages</th></tr><tr><td><div class="messages">capturescreen method is called</div></td></tr><tr><th>Exception</th></tr><tr><td><div class="stacktrace">org.openqa.selenium.NoSuchWindowException: no such window: target window already closed
from unknown error: web view not found
  (Session info: chrome=76.0.3809.100)
Build info: version: &apos;3.14.0&apos;, revision: &apos;aacccce0&apos;, time: &apos;2018-08-02T20:19:58.91Z&apos;
System info: host: &apos;ATUPADHY-WX-1&apos;, ip: &apos;192.168.227.1&apos;, os.name: &apos;Windows 10&apos;, os.arch: &apos;amd64&apos;, os.version: &apos;10.0&apos;, java.version: &apos;1.8.0_111&apos;
Driver info: org.openqa.selenium.chrome.ChromeDriver
Capabilities {acceptInsecureCerts: false, browserName: chrome, browserVersion: 76.0.3809.100, chrome: {chromedriverVersion: 75.0.3770.140 (2d9f97485c7b..., userDataDir: C:\Users\atupadhy\AppData\L...}, goog:chromeOptions: {debuggerAddress: localhost:26022}, javascriptEnabled: true, networkConnectionEnabled: false, pageLoadStrategy: normal, platform: XP, platformName: XP, proxy: Proxy(), setWindowRect: true, strictFileInteractability: false, timeouts: {implicit: 0, pageLoad: 300000, script: 30000}, unhandledPromptBehavior: dismiss and notify}
Session ID: cbc0dc2b5fd6f25114541dd03adae218
	at org.openqa.selenium.remote.http.W3CHttpResponseCodec.createException(W3CHttpResponseCodec.java:187)
	at org.openqa.selenium.remote.http.W3CHttpResponseCodec.decode(W3CHttpResponseCodec.java:122)
	at org.openqa.selenium.remote.http.W3CHttpResponseCodec.decode(W3CHttpResponseCodec.java:49)
	at org.openqa.selenium.remote.HttpCommandExecutor.execute(HttpCommandExecutor.java:158)
	at org.openqa.selenium.remote.service.DriverCommandExecutor.execute(DriverCommandExecutor.java:83)
	at org.openqa.selenium.remote.RemoteWebDriver.execute(RemoteWebDriver.java:548)
	at org.openqa.selenium.remote.RemoteWebDriver.execute(RemoteWebDriver.java:605)
	at org.openqa.selenium.remote.RemoteWebDriver.getScreenshotAs(RemoteWebDriver.java:294)
	at com.uiFramework.companyName.projectName.helper.testBase.TestBase.captureScreen(TestBase.java:222)
	at com.uiFramework.companyName.projectName.helper.testBase.TestBase.afterMethod(TestBase.java:113)
... Removed 32 stack frames</div></td></tr></table><p class="totop"><a href="#summary">back to summary</a></p>
<h3 id="m1">com.uiFramework.companyName.projectName.helper.testScripts.LoginTest#testLoginToApplication</h3><table class="result"><tr><th>Exception</th></tr><tr><td><div class="stacktrace">java.lang.NullPointerException
	at org.openqa.selenium.support.pagefactory.internal.LocatingElementHandler.invoke(LocatingElementHandler.java:51)
	at com.sun.proxy.$Proxy12.toString(Unknown Source)
	at com.uiFramework.companyName.projectName.helper.wait.WaitHelper.waitForElement(WaitHelper.java:136)
	at com.uiFramework.companyName.projectName.helper.pageObject.LoginPage.&lt;init&gt;(LoginPage.java:84)
	at com.uiFramework.companyName.projectName.helper.testScripts.LoginTest.testLoginToApplication(LoginTest.java:35)
... Removed 29 stack frames</div></td></tr></table><p class="totop"><a href="#summary">back to summary</a></p>
<h2>RegistrationTest</h2><h3 id="m2">com.uiFramework.companyName.projectName.helper.testScripts.RegistrationTest#afterMethod</h3><table class="result"><tr class="param"><th>Parameter #1</th></tr><tr class="param stripe"><td>[TestResult name=testToRegisterNewUser status=FAILURE method=RegistrationTest.testToRegisterNewUser()[pri:0, instance:com.uiFramework.companyName.projectName.helper.testScripts.RegistrationTest@1efed156] output={null}]</td></tr><tr><th>Messages</th></tr><tr><td><div class="messages">capturescreen method is called</div></td></tr><tr><th>Exception</th></tr><tr><td><div class="stacktrace">org.openqa.selenium.NoSuchWindowException: no such window: target window already closed
from unknown error: web view not found
  (Session info: chrome=76.0.3809.100)
Build info: version: &apos;3.14.0&apos;, revision: &apos;aacccce0&apos;, time: &apos;2018-08-02T20:19:58.91Z&apos;
System info: host: &apos;ATUPADHY-WX-1&apos;, ip: &apos;192.168.227.1&apos;, os.name: &apos;Windows 10&apos;, os.arch: &apos;amd64&apos;, os.version: &apos;10.0&apos;, java.version: &apos;1.8.0_111&apos;
Driver info: org.openqa.selenium.chrome.ChromeDriver
Capabilities {acceptInsecureCerts: false, browserName: chrome, browserVersion: 76.0.3809.100, chrome: {chromedriverVersion: 75.0.3770.140 (2d9f97485c7b..., userDataDir: C:\Users\atupadhy\AppData\L...}, goog:chromeOptions: {debuggerAddress: localhost:26057}, javascriptEnabled: true, networkConnectionEnabled: false, pageLoadStrategy: normal, platform: XP, platformName: XP, proxy: Proxy(), setWindowRect: true, strictFileInteractability: false, timeouts: {implicit: 0, pageLoad: 300000, script: 30000}, unhandledPromptBehavior: dismiss and notify}
Session ID: 4e028419bd6dd306a034cdb87e7e0988
	at org.openqa.selenium.remote.http.W3CHttpResponseCodec.createException(W3CHttpResponseCodec.java:187)
	at org.openqa.selenium.remote.http.W3CHttpResponseCodec.decode(W3CHttpResponseCodec.java:122)
	at org.openqa.selenium.remote.http.W3CHttpResponseCodec.decode(W3CHttpResponseCodec.java:49)
	at org.openqa.selenium.remote.HttpCommandExecutor.execute(HttpCommandExecutor.java:158)
	at org.openqa.selenium.remote.service.DriverCommandExecutor.execute(DriverCommandExecutor.java:83)
	at org.openqa.selenium.remote.RemoteWebDriver.execute(RemoteWebDriver.java:548)
	at org.openqa.selenium.remote.RemoteWebDriver.execute(RemoteWebDriver.java:605)
	at org.openqa.selenium.remote.RemoteWebDriver.getScreenshotAs(RemoteWebDriver.java:294)
	at com.uiFramework.companyName.projectName.helper.testBase.TestBase.captureScreen(TestBase.java:222)
	at com.uiFramework.companyName.projectName.helper.testBase.TestBase.afterMethod(TestBase.java:113)
... Removed 32 stack frames</div></td></tr></table><p class="totop"><a href="#summary">back to summary</a></p>
<h3 id="m3">com.uiFramework.companyName.projectName.helper.testScripts.RegistrationTest#testToRegisterNewUser</h3><table class="result"><tr><th>Exception</th></tr><tr><td><div class="stacktrace">java.lang.NullPointerException
	at org.openqa.selenium.support.pagefactory.internal.LocatingElementHandler.invoke(LocatingElementHandler.java:51)
	at com.sun.proxy.$Proxy12.toString(Unknown Source)
	at com.uiFramework.companyName.projectName.helper.wait.WaitHelper.waitForElement(WaitHelper.java:136)
	at com.uiFramework.companyName.projectName.helper.pageObject.LoginPage.&lt;init&gt;(LoginPage.java:84)
	at com.uiFramework.companyName.projectName.helper.testScripts.RegistrationTest.testToRegisterNewUser(RegistrationTest.java:27)
... Removed 29 stack frames</div></td></tr></table><p class="totop"><a href="#summary">back to summary</a></p>
<h2>VerifySortFilter</h2><h3 id="m4">com.uiFramework.companyName.projectName.helper.testScripts.VerifySortFilter#afterMethod</h3><table class="result"><tr class="param"><th>Parameter #1</th></tr><tr class="param stripe"><td>[TestResult name=verifyLowestFirstPriceInProductList status=FAILURE method=VerifySortFilter.verifyLowestFirstPriceInProductList()[pri:0, instance:com.uiFramework.companyName.projectName.helper.testScripts.VerifySortFilter@7c29daf3] output={null}]</td></tr><tr><th>Messages</th></tr><tr><td><div class="messages">capturescreen method is called</div></td></tr><tr><th>Exception</th></tr><tr><td><div class="stacktrace">org.openqa.selenium.NoSuchWindowException: no such window: target window already closed
from unknown error: web view not found
  (Session info: chrome=76.0.3809.100)
Build info: version: &apos;3.14.0&apos;, revision: &apos;aacccce0&apos;, time: &apos;2018-08-02T20:19:58.91Z&apos;
System info: host: &apos;ATUPADHY-WX-1&apos;, ip: &apos;192.168.227.1&apos;, os.name: &apos;Windows 10&apos;, os.arch: &apos;amd64&apos;, os.version: &apos;10.0&apos;, java.version: &apos;1.8.0_111&apos;
Driver info: org.openqa.selenium.chrome.ChromeDriver
Capabilities {acceptInsecureCerts: false, browserName: chrome, browserVersion: 76.0.3809.100, chrome: {chromedriverVersion: 75.0.3770.140 (2d9f97485c7b..., userDataDir: C:\Users\atupadhy\AppData\L...}, goog:chromeOptions: {debuggerAddress: localhost:26094}, javascriptEnabled: true, networkConnectionEnabled: false, pageLoadStrategy: normal, platform: XP, platformName: XP, proxy: Proxy(), setWindowRect: true, strictFileInteractability: false, timeouts: {implicit: 0, pageLoad: 300000, script: 30000}, unhandledPromptBehavior: dismiss and notify}
Session ID: c18a57605ec4505aa4acb26413d3b77f
	at org.openqa.selenium.remote.http.W3CHttpResponseCodec.createException(W3CHttpResponseCodec.java:187)
	at org.openqa.selenium.remote.http.W3CHttpResponseCodec.decode(W3CHttpResponseCodec.java:122)
	at org.openqa.selenium.remote.http.W3CHttpResponseCodec.decode(W3CHttpResponseCodec.java:49)
	at org.openqa.selenium.remote.HttpCommandExecutor.execute(HttpCommandExecutor.java:158)
	at org.openqa.selenium.remote.service.DriverCommandExecutor.execute(DriverCommandExecutor.java:83)
	at org.openqa.selenium.remote.RemoteWebDriver.execute(RemoteWebDriver.java:548)
	at org.openqa.selenium.remote.RemoteWebDriver.execute(RemoteWebDriver.java:605)
	at org.openqa.selenium.remote.RemoteWebDriver.getScreenshotAs(RemoteWebDriver.java:294)
	at com.uiFramework.companyName.projectName.helper.testBase.TestBase.captureScreen(TestBase.java:222)
	at com.uiFramework.companyName.projectName.helper.testBase.TestBase.afterMethod(TestBase.java:113)
... Removed 32 stack frames</div></td></tr></table><p class="totop"><a href="#summary">back to summary</a></p>
<h3 id="m5">com.uiFramework.companyName.projectName.helper.testScripts.VerifySortFilter#verifyLowestFirstPriceInProductList</h3><table class="result"><tr><th>Exception</th></tr><tr><td><div class="stacktrace">java.lang.NullPointerException
	at org.openqa.selenium.support.pagefactory.internal.LocatingElementHandler.invoke(LocatingElementHandler.java:51)
	at com.sun.proxy.$Proxy12.isDisplayed(Unknown Source)
	at org.openqa.selenium.support.ui.ExpectedConditions.elementIfVisible(ExpectedConditions.java:315)
	at org.openqa.selenium.support.ui.ExpectedConditions.access$100(ExpectedConditions.java:44)
	at org.openqa.selenium.support.ui.ExpectedConditions$10.apply(ExpectedConditions.java:301)
	at org.openqa.selenium.support.ui.ExpectedConditions$10.apply(ExpectedConditions.java:298)
	at org.openqa.selenium.support.ui.FluentWait.until(FluentWait.java:260)
	at com.uiFramework.companyName.projectName.helper.wait.WaitHelper.waitForElement(WaitHelper.java:138)
	at com.uiFramework.companyName.projectName.helper.pageObject.NavigationMenu.&lt;init&gt;(NavigationMenu.java:45)
	at com.uiFramework.companyName.projectName.helper.testScripts.VerifySortFilter.verifyLowestFirstPriceInProductList(VerifySortFilter.java:37)
... Removed 29 stack frames</div></td></tr></table><p class="totop"><a href="#summary">back to summary</a></p>
</body>
</html>
