<?xml version="1.0" encoding="UTF-8"?>
<testng-results skipped="0" failed="4" ignored="0" total="5" passed="1">
  <reporter-output>
    <line>
      <![CDATA[A Test started..]]>
    </line>
    <line>
      <![CDATA[testMethod1 Test started..]]>
    </line>
    <line>
      <![CDATA[testMethod1 Test passed..]]>
    </line>
    <line>
      <![CDATA[<a href='D:\Adobe_Workspace\uiFramework\src\main\resource\screenShots\testMethod1_19_08_2019_09_30_09.png'><img src='D:\Adobe_Workspace\uiFramework\src\main\resource\screenShots\testMethod1_19_08_2019_09_30_09.png'height='100' width='100'/></a>]]>
    </line>
    <line>
      <![CDATA[A Test finished..]]>
    </line>
    <line>
      <![CDATA[B Test started..]]>
    </line>
    <line>
      <![CDATA[testMethodB1 Test started..]]>
    </line>
    <line>
      <![CDATA[testMethodB1 Test failure..]]>
    </line>
    <line>
      <![CDATA[<a href='D:\Adobe_Workspace\uiFramework\src\main\resource\screenShots\testMethodB1_19_08_2019_09_30_14.png'><img src='D:\Adobe_Workspace\uiFramework\src\main\resource\screenShots\testMethodB1_19_08_2019_09_30_14.png'height='100' width='100'/></a>]]>
    </line>
    <line>
      <![CDATA[testMethodB2 Test started..]]>
    </line>
    <line>
      <![CDATA[testMethodB2 Test failure..]]>
    </line>
    <line>
      <![CDATA[<a href='D:\Adobe_Workspace\uiFramework\src\main\resource\screenShots\testMethodB2_19_08_2019_09_30_15.png'><img src='D:\Adobe_Workspace\uiFramework\src\main\resource\screenShots\testMethodB2_19_08_2019_09_30_15.png'height='100' width='100'/></a>]]>
    </line>
    <line>
      <![CDATA[B Test finished..]]>
    </line>
    <line>
      <![CDATA[C Test started..]]>
    </line>
    <line>
      <![CDATA[testMethod4 Test started..]]>
    </line>
    <line>
      <![CDATA[testMethod4 Test failure..]]>
    </line>
    <line>
      <![CDATA[<a href='D:\Adobe_Workspace\uiFramework\src\main\resource\screenShots\testMethod4_19_08_2019_09_30_19.png'><img src='D:\Adobe_Workspace\uiFramework\src\main\resource\screenShots\testMethod4_19_08_2019_09_30_19.png'height='100' width='100'/></a>]]>
    </line>
    <line>
      <![CDATA[C Test finished..]]>
    </line>
    <line>
      <![CDATA[TakeScreenshot Test started..]]>
    </line>
    <line>
      <![CDATA[takeScreens Test started..]]>
    </line>
    <line>
      <![CDATA[takeScreens Test failure..]]>
    </line>
  </reporter-output>
  <suite name="Regression Suite" duration-ms="35601" started-at="2019-08-19T16:00:04Z" finished-at="2019-08-19T16:00:40Z">
    <groups>
    </groups>
    <test name="A" duration-ms="5590" started-at="2019-08-19T16:00:04Z" finished-at="2019-08-19T16:00:10Z">
      <class name="com.uiFramework.A">
        <test-method status="PASS" signature="BeforeTest()[pri:0, instance:com.uiFramework.A@67b92f0a]" name="BeforeTest" is-config="true" duration-ms="4573" started-at="2019-08-19T16:00:04Z" finished-at="2019-08-19T16:00:09Z">
          <reporter-output>
          </reporter-output>
        </test-method> <!-- BeforeTest -->
        <test-method status="PASS" signature="beforeClass()[pri:0, instance:com.uiFramework.A@67b92f0a]" name="beforeClass" is-config="true" duration-ms="5" started-at="2019-08-19T16:00:09Z" finished-at="2019-08-19T16:00:09Z">
          <reporter-output>
          </reporter-output>
        </test-method> <!-- beforeClass -->
        <test-method status="PASS" signature="beforeMethod(java.lang.reflect.Method)[pri:0, instance:com.uiFramework.A@67b92f0a]" name="beforeMethod" is-config="true" duration-ms="13" started-at="2019-08-19T16:00:09Z" finished-at="2019-08-19T16:00:09Z">
          <params>
            <param index="0">
              <value>
                <![CDATA[public void com.uiFramework.A.testMethod1()]]>
              </value>
            </param>
          </params>
          <reporter-output>
          </reporter-output>
        </test-method> <!-- beforeMethod -->
        <test-method status="PASS" signature="testMethod1()[pri:0, instance:com.uiFramework.A@67b92f0a]" name="testMethod1" duration-ms="17" started-at="2019-08-19T16:00:09Z" finished-at="2019-08-19T16:00:09Z">
          <reporter-output>
            <line>
              <![CDATA[testMethod1 Test started..]]>
            </line>
            <line>
              <![CDATA[testMethod1 Test passed..]]>
            </line>
          </reporter-output>
        </test-method> <!-- testMethod1 -->
        <test-method status="PASS" signature="afterMethod(org.testng.ITestResult)[pri:0, instance:com.uiFramework.A@67b92f0a]" name="afterMethod" is-config="true" duration-ms="928" started-at="2019-08-19T16:00:09Z" finished-at="2019-08-19T16:00:10Z">
          <params>
            <param index="0">
              <value>
                <![CDATA[[TestResult name=testMethod1 status=SUCCESS method=A.testMethod1()[pri:0, instance:com.uiFramework.A@67b92f0a] output=testMethod1 Test started..]]]>
              </value>
            </param>
          </params>
          <reporter-output>
            <line>
              <![CDATA[<a href='D:\Adobe_Workspace\uiFramework\src\main\resource\screenShots\testMethod1_19_08_2019_09_30_09.png'><img src='D:\Adobe_Workspace\uiFramework\src\main\resource\screenShots\testMethod1_19_08_2019_09_30_09.png'height='100' width='100'/></a>]]>
            </line>
          </reporter-output>
        </test-method> <!-- afterMethod -->
      </class> <!-- com.uiFramework.A -->
    </test> <!-- A -->
    <test name="B" duration-ms="5285" started-at="2019-08-19T16:00:10Z" finished-at="2019-08-19T16:00:15Z">
      <class name="com.uiFramework.B">
        <test-method status="PASS" signature="BeforeTest()[pri:0, instance:com.uiFramework.B@63e2203c]" name="BeforeTest" is-config="true" duration-ms="4317" started-at="2019-08-19T16:00:10Z" finished-at="2019-08-19T16:00:14Z">
          <reporter-output>
          </reporter-output>
        </test-method> <!-- BeforeTest -->
        <test-method status="PASS" signature="beforeMethod(java.lang.reflect.Method)[pri:0, instance:com.uiFramework.B@63e2203c]" name="beforeMethod" is-config="true" duration-ms="1" started-at="2019-08-19T16:00:14Z" finished-at="2019-08-19T16:00:14Z">
          <params>
            <param index="0">
              <value>
                <![CDATA[public void com.uiFramework.B.testMethodB1()]]>
              </value>
            </param>
          </params>
          <reporter-output>
          </reporter-output>
        </test-method> <!-- beforeMethod -->
        <test-method status="PASS" signature="beforeClass()[pri:0, instance:com.uiFramework.B@63e2203c]" name="beforeClass" is-config="true" duration-ms="0" started-at="2019-08-19T16:00:14Z" finished-at="2019-08-19T16:00:14Z">
          <reporter-output>
          </reporter-output>
        </test-method> <!-- beforeClass -->
        <test-method status="FAIL" signature="testMethodB1()[pri:0, instance:com.uiFramework.B@63e2203c]" name="testMethodB1" duration-ms="2" started-at="2019-08-19T16:00:14Z" finished-at="2019-08-19T16:00:14Z">
          <exception class="java.lang.AssertionError">
            <message>
              <![CDATA[expected [true] but found [false]]]>
            </message>
            <full-stacktrace>
              <![CDATA[java.lang.AssertionError: expected [true] but found [false]
at org.testng.Assert.fail(Assert.java:96)
at org.testng.Assert.failNotEquals(Assert.java:776)
at org.testng.Assert.assertTrue(Assert.java:44)
at org.testng.Assert.assertTrue(Assert.java:54)
at com.uiFramework.B.testMethodB1(B.java:22)
at sun.reflect.NativeMethodAccessorImpl.invoke0(Native Method)
at sun.reflect.NativeMethodAccessorImpl.invoke(NativeMethodAccessorImpl.java:62)
at sun.reflect.DelegatingMethodAccessorImpl.invoke(DelegatingMethodAccessorImpl.java:43)
at java.lang.reflect.Method.invoke(Method.java:498)
at org.testng.internal.MethodInvocationHelper.invokeMethod(MethodInvocationHelper.java:124)
at org.testng.internal.Invoker.invokeMethod(Invoker.java:583)
at org.testng.internal.Invoker.invokeTestMethod(Invoker.java:719)
at org.testng.internal.Invoker.invokeTestMethods(Invoker.java:989)
at org.testng.internal.TestMethodWorker.invokeTestMethods(TestMethodWorker.java:125)
at org.testng.internal.TestMethodWorker.run(TestMethodWorker.java:109)
at org.testng.TestRunner.privateRun(TestRunner.java:648)
at org.testng.TestRunner.run(TestRunner.java:505)
at org.testng.SuiteRunner.runTest(SuiteRunner.java:455)
at org.testng.SuiteRunner.runSequentially(SuiteRunner.java:450)
at org.testng.SuiteRunner.privateRun(SuiteRunner.java:415)
at org.testng.SuiteRunner.run(SuiteRunner.java:364)
at org.testng.SuiteRunnerWorker.runSuite(SuiteRunnerWorker.java:52)
at org.testng.SuiteRunnerWorker.run(SuiteRunnerWorker.java:84)
at org.testng.TestNG.runSuitesSequentially(TestNG.java:1208)
at org.testng.TestNG.runSuitesLocally(TestNG.java:1137)
at org.testng.TestNG.runSuites(TestNG.java:1049)
at org.testng.TestNG.run(TestNG.java:1017)
at org.testng.remote.AbstractRemoteTestNG.run(AbstractRemoteTestNG.java:115)
at org.testng.remote.RemoteTestNG.initAndRun(RemoteTestNG.java:251)
at org.testng.remote.RemoteTestNG.main(RemoteTestNG.java:77)
]]>
            </full-stacktrace>
          </exception> <!-- java.lang.AssertionError -->
          <reporter-output>
            <line>
              <![CDATA[testMethodB1 Test started..]]>
            </line>
            <line>
              <![CDATA[testMethodB1 Test failure..]]>
            </line>
          </reporter-output>
        </test-method> <!-- testMethodB1 -->
        <test-method status="PASS" signature="afterMethod(org.testng.ITestResult)[pri:0, instance:com.uiFramework.B@63e2203c]" name="afterMethod" is-config="true" duration-ms="413" started-at="2019-08-19T16:00:14Z" finished-at="2019-08-19T16:00:15Z">
          <params>
            <param index="0">
              <value>
                <![CDATA[[TestResult name=testMethodB1 status=FAILURE method=B.testMethodB1()[pri:0, instance:com.uiFramework.B@63e2203c] output=testMethodB1 Test started..]]]>
              </value>
            </param>
          </params>
          <reporter-output>
            <line>
              <![CDATA[<a href='D:\Adobe_Workspace\uiFramework\src\main\resource\screenShots\testMethodB1_19_08_2019_09_30_14.png'><img src='D:\Adobe_Workspace\uiFramework\src\main\resource\screenShots\testMethodB1_19_08_2019_09_30_14.png'height='100' width='100'/></a>]]>
            </line>
          </reporter-output>
        </test-method> <!-- afterMethod -->
        <test-method status="PASS" signature="beforeMethod(java.lang.reflect.Method)[pri:0, instance:com.uiFramework.B@63e2203c]" name="beforeMethod" is-config="true" duration-ms="0" started-at="2019-08-19T16:00:15Z" finished-at="2019-08-19T16:00:15Z">
          <params>
            <param index="0">
              <value>
                <![CDATA[public void com.uiFramework.B.testMethodB2()]]>
              </value>
            </param>
          </params>
          <reporter-output>
          </reporter-output>
        </test-method> <!-- beforeMethod -->
        <test-method status="FAIL" signature="testMethodB2()[pri:0, instance:com.uiFramework.B@63e2203c]" name="testMethodB2" duration-ms="4" started-at="2019-08-19T16:00:15Z" finished-at="2019-08-19T16:00:15Z">
          <exception class="java.lang.AssertionError">
            <message>
              <![CDATA[expected [true] but found [false]]]>
            </message>
            <full-stacktrace>
              <![CDATA[java.lang.AssertionError: expected [true] but found [false]
at org.testng.Assert.fail(Assert.java:96)
at org.testng.Assert.failNotEquals(Assert.java:776)
at org.testng.Assert.assertTrue(Assert.java:44)
at org.testng.Assert.assertTrue(Assert.java:54)
at com.uiFramework.B.testMethodB2(B.java:29)
at sun.reflect.NativeMethodAccessorImpl.invoke0(Native Method)
at sun.reflect.NativeMethodAccessorImpl.invoke(NativeMethodAccessorImpl.java:62)
at sun.reflect.DelegatingMethodAccessorImpl.invoke(DelegatingMethodAccessorImpl.java:43)
at java.lang.reflect.Method.invoke(Method.java:498)
at org.testng.internal.MethodInvocationHelper.invokeMethod(MethodInvocationHelper.java:124)
at org.testng.internal.Invoker.invokeMethod(Invoker.java:583)
at org.testng.internal.Invoker.invokeTestMethod(Invoker.java:719)
at org.testng.internal.Invoker.invokeTestMethods(Invoker.java:989)
at org.testng.internal.TestMethodWorker.invokeTestMethods(TestMethodWorker.java:125)
at org.testng.internal.TestMethodWorker.run(TestMethodWorker.java:109)
at org.testng.TestRunner.privateRun(TestRunner.java:648)
at org.testng.TestRunner.run(TestRunner.java:505)
at org.testng.SuiteRunner.runTest(SuiteRunner.java:455)
at org.testng.SuiteRunner.runSequentially(SuiteRunner.java:450)
at org.testng.SuiteRunner.privateRun(SuiteRunner.java:415)
at org.testng.SuiteRunner.run(SuiteRunner.java:364)
at org.testng.SuiteRunnerWorker.runSuite(SuiteRunnerWorker.java:52)
at org.testng.SuiteRunnerWorker.run(SuiteRunnerWorker.java:84)
at org.testng.TestNG.runSuitesSequentially(TestNG.java:1208)
at org.testng.TestNG.runSuitesLocally(TestNG.java:1137)
at org.testng.TestNG.runSuites(TestNG.java:1049)
at org.testng.TestNG.run(TestNG.java:1017)
at org.testng.remote.AbstractRemoteTestNG.run(AbstractRemoteTestNG.java:115)
at org.testng.remote.RemoteTestNG.initAndRun(RemoteTestNG.java:251)
at org.testng.remote.RemoteTestNG.main(RemoteTestNG.java:77)
]]>
            </full-stacktrace>
          </exception> <!-- java.lang.AssertionError -->
          <reporter-output>
            <line>
              <![CDATA[testMethodB2 Test started..]]>
            </line>
            <line>
              <![CDATA[testMethodB2 Test failure..]]>
            </line>
          </reporter-output>
        </test-method> <!-- testMethodB2 -->
        <test-method status="PASS" signature="afterMethod(org.testng.ITestResult)[pri:0, instance:com.uiFramework.B@63e2203c]" name="afterMethod" is-config="true" duration-ms="536" started-at="2019-08-19T16:00:15Z" finished-at="2019-08-19T16:00:15Z">
          <params>
            <param index="0">
              <value>
                <![CDATA[[TestResult name=testMethodB2 status=FAILURE method=B.testMethodB2()[pri:0, instance:com.uiFramework.B@63e2203c] output=testMethodB2 Test started..]]]>
              </value>
            </param>
          </params>
          <reporter-output>
            <line>
              <![CDATA[<a href='D:\Adobe_Workspace\uiFramework\src\main\resource\screenShots\testMethodB2_19_08_2019_09_30_15.png'><img src='D:\Adobe_Workspace\uiFramework\src\main\resource\screenShots\testMethodB2_19_08_2019_09_30_15.png'height='100' width='100'/></a>]]>
            </line>
          </reporter-output>
        </test-method> <!-- afterMethod -->
      </class> <!-- com.uiFramework.B -->
    </test> <!-- B -->
    <test name="C" duration-ms="4366" started-at="2019-08-19T16:00:15Z" finished-at="2019-08-19T16:00:19Z">
      <class name="com.uiFramework.C">
        <test-method status="PASS" signature="BeforeTest()[pri:0, instance:com.uiFramework.C@4bbfb90a]" name="BeforeTest" is-config="true" duration-ms="3902" started-at="2019-08-19T16:00:15Z" finished-at="2019-08-19T16:00:19Z">
          <reporter-output>
          </reporter-output>
        </test-method> <!-- BeforeTest -->
        <test-method status="PASS" signature="beforeClass()[pri:0, instance:com.uiFramework.C@4bbfb90a]" name="beforeClass" is-config="true" duration-ms="0" started-at="2019-08-19T16:00:19Z" finished-at="2019-08-19T16:00:19Z">
          <reporter-output>
          </reporter-output>
        </test-method> <!-- beforeClass -->
        <test-method status="PASS" signature="beforeMethod(java.lang.reflect.Method)[pri:0, instance:com.uiFramework.C@4bbfb90a]" name="beforeMethod" is-config="true" duration-ms="1" started-at="2019-08-19T16:00:19Z" finished-at="2019-08-19T16:00:19Z">
          <params>
            <param index="0">
              <value>
                <![CDATA[public void com.uiFramework.C.testMethod4()]]>
              </value>
            </param>
          </params>
          <reporter-output>
          </reporter-output>
        </test-method> <!-- beforeMethod -->
        <test-method status="FAIL" signature="testMethod4()[pri:0, instance:com.uiFramework.C@4bbfb90a]" name="testMethod4" duration-ms="1" started-at="2019-08-19T16:00:19Z" finished-at="2019-08-19T16:00:19Z">
          <exception class="java.lang.AssertionError">
            <message>
              <![CDATA[expected [true] but found [false]]]>
            </message>
            <full-stacktrace>
              <![CDATA[java.lang.AssertionError: expected [true] but found [false]
at org.testng.Assert.fail(Assert.java:96)
at org.testng.Assert.failNotEquals(Assert.java:776)
at org.testng.Assert.assertTrue(Assert.java:44)
at org.testng.Assert.assertTrue(Assert.java:54)
at com.uiFramework.C.testMethod4(C.java:13)
at sun.reflect.NativeMethodAccessorImpl.invoke0(Native Method)
at sun.reflect.NativeMethodAccessorImpl.invoke(NativeMethodAccessorImpl.java:62)
at sun.reflect.DelegatingMethodAccessorImpl.invoke(DelegatingMethodAccessorImpl.java:43)
at java.lang.reflect.Method.invoke(Method.java:498)
at org.testng.internal.MethodInvocationHelper.invokeMethod(MethodInvocationHelper.java:124)
at org.testng.internal.Invoker.invokeMethod(Invoker.java:583)
at org.testng.internal.Invoker.invokeTestMethod(Invoker.java:719)
at org.testng.internal.Invoker.invokeTestMethods(Invoker.java:989)
at org.testng.internal.TestMethodWorker.invokeTestMethods(TestMethodWorker.java:125)
at org.testng.internal.TestMethodWorker.run(TestMethodWorker.java:109)
at org.testng.TestRunner.privateRun(TestRunner.java:648)
at org.testng.TestRunner.run(TestRunner.java:505)
at org.testng.SuiteRunner.runTest(SuiteRunner.java:455)
at org.testng.SuiteRunner.runSequentially(SuiteRunner.java:450)
at org.testng.SuiteRunner.privateRun(SuiteRunner.java:415)
at org.testng.SuiteRunner.run(SuiteRunner.java:364)
at org.testng.SuiteRunnerWorker.runSuite(SuiteRunnerWorker.java:52)
at org.testng.SuiteRunnerWorker.run(SuiteRunnerWorker.java:84)
at org.testng.TestNG.runSuitesSequentially(TestNG.java:1208)
at org.testng.TestNG.runSuitesLocally(TestNG.java:1137)
at org.testng.TestNG.runSuites(TestNG.java:1049)
at org.testng.TestNG.run(TestNG.java:1017)
at org.testng.remote.AbstractRemoteTestNG.run(AbstractRemoteTestNG.java:115)
at org.testng.remote.RemoteTestNG.initAndRun(RemoteTestNG.java:251)
at org.testng.remote.RemoteTestNG.main(RemoteTestNG.java:77)
]]>
            </full-stacktrace>
          </exception> <!-- java.lang.AssertionError -->
          <reporter-output>
            <line>
              <![CDATA[testMethod4 Test started..]]>
            </line>
            <line>
              <![CDATA[testMethod4 Test failure..]]>
            </line>
          </reporter-output>
        </test-method> <!-- testMethod4 -->
        <test-method status="PASS" signature="afterMethod(org.testng.ITestResult)[pri:0, instance:com.uiFramework.C@4bbfb90a]" name="afterMethod" is-config="true" duration-ms="453" started-at="2019-08-19T16:00:19Z" finished-at="2019-08-19T16:00:19Z">
          <params>
            <param index="0">
              <value>
                <![CDATA[[TestResult name=testMethod4 status=FAILURE method=C.testMethod4()[pri:0, instance:com.uiFramework.C@4bbfb90a] output=testMethod4 Test started..]]]>
              </value>
            </param>
          </params>
          <reporter-output>
            <line>
              <![CDATA[<a href='D:\Adobe_Workspace\uiFramework\src\main\resource\screenShots\testMethod4_19_08_2019_09_30_19.png'><img src='D:\Adobe_Workspace\uiFramework\src\main\resource\screenShots\testMethod4_19_08_2019_09_30_19.png'height='100' width='100'/></a>]]>
            </line>
          </reporter-output>
        </test-method> <!-- afterMethod -->
      </class> <!-- com.uiFramework.C -->
    </test> <!-- C -->
    <test name="TakeScreenshot" duration-ms="20270" started-at="2019-08-19T16:00:19Z" finished-at="2019-08-19T16:00:40Z">
      <class name="com.uiFramework.companyName.projectName.helper.testScripts.TestScreenShot">
        <test-method status="PASS" signature="beforeSuite()[pri:0, instance:com.uiFramework.companyName.projectName.helper.testScripts.TestScreenShot@5d76b067]" name="beforeSuite" is-config="true" duration-ms="163" started-at="2019-08-19T16:00:04Z" finished-at="2019-08-19T16:00:04Z">
          <reporter-output>
          </reporter-output>
        </test-method> <!-- beforeSuite -->
        <test-method status="PASS" signature="BeforeTest()[pri:0, instance:com.uiFramework.companyName.projectName.helper.testScripts.TestScreenShot@5d76b067]" name="BeforeTest" is-config="true" duration-ms="4361" started-at="2019-08-19T16:00:19Z" finished-at="2019-08-19T16:00:24Z">
          <reporter-output>
          </reporter-output>
        </test-method> <!-- BeforeTest -->
        <test-method status="PASS" signature="beforeClass()[pri:0, instance:com.uiFramework.companyName.projectName.helper.testScripts.TestScreenShot@5d76b067]" name="beforeClass" is-config="true" duration-ms="2" started-at="2019-08-19T16:00:24Z" finished-at="2019-08-19T16:00:24Z">
          <reporter-output>
          </reporter-output>
        </test-method> <!-- beforeClass -->
        <test-method status="FAIL" signature="takeScreens()[pri:0, instance:com.uiFramework.companyName.projectName.helper.testScripts.TestScreenShot@5d76b067]" name="takeScreens" duration-ms="9881" started-at="2019-08-19T16:00:24Z" finished-at="2019-08-19T16:00:34Z">
          <exception class="org.openqa.selenium.WebDriverException">
            <message>
              <![CDATA[chrome not reachable
  (Session info: chrome=76.0.3809.100)
Build info: version: '3.14.0', revision: 'aacccce0', time: '2018-08-02T20:19:58.91Z'
System info: host: 'ATUPADHY-WX-1', ip: '192.168.227.1', os.name: 'Windows 10', os.arch: 'amd64', os.version: '10.0', java.version: '1.8.0_111'
Driver info: org.openqa.selenium.chrome.ChromeDriver
Capabilities {acceptInsecureCerts: false, browserName: chrome, browserVersion: 76.0.3809.100, chrome: {chromedriverVersion: 75.0.3770.140 (2d9f97485c7b..., userDataDir: C:\Users\atupadhy\AppData\L...}, goog:chromeOptions: {debuggerAddress: localhost:10380}, javascriptEnabled: true, networkConnectionEnabled: false, pageLoadStrategy: normal, platform: XP, platformName: XP, proxy: Proxy(), setWindowRect: true, strictFileInteractability: false, timeouts: {implicit: 0, pageLoad: 300000, script: 30000}, unhandledPromptBehavior: dismiss and notify}
Session ID: babf81af69eca9f68af0f77fb55981de]]>
            </message>
            <full-stacktrace>
              <![CDATA[org.openqa.selenium.WebDriverException: chrome not reachable
  (Session info: chrome=76.0.3809.100)
Build info: version: '3.14.0', revision: 'aacccce0', time: '2018-08-02T20:19:58.91Z'
System info: host: 'ATUPADHY-WX-1', ip: '192.168.227.1', os.name: 'Windows 10', os.arch: 'amd64', os.version: '10.0', java.version: '1.8.0_111'
Driver info: org.openqa.selenium.chrome.ChromeDriver
Capabilities {acceptInsecureCerts: false, browserName: chrome, browserVersion: 76.0.3809.100, chrome: {chromedriverVersion: 75.0.3770.140 (2d9f97485c7b..., userDataDir: C:\Users\atupadhy\AppData\L...}, goog:chromeOptions: {debuggerAddress: localhost:10380}, javascriptEnabled: true, networkConnectionEnabled: false, pageLoadStrategy: normal, platform: XP, platformName: XP, proxy: Proxy(), setWindowRect: true, strictFileInteractability: false, timeouts: {implicit: 0, pageLoad: 300000, script: 30000}, unhandledPromptBehavior: dismiss and notify}
Session ID: babf81af69eca9f68af0f77fb55981de
at sun.reflect.NativeConstructorAccessorImpl.newInstance0(Native Method)
at sun.reflect.NativeConstructorAccessorImpl.newInstance(NativeConstructorAccessorImpl.java:62)
at sun.reflect.DelegatingConstructorAccessorImpl.newInstance(DelegatingConstructorAccessorImpl.java:45)
at java.lang.reflect.Constructor.newInstance(Constructor.java:423)
at org.openqa.selenium.remote.http.W3CHttpResponseCodec.createException(W3CHttpResponseCodec.java:187)
at org.openqa.selenium.remote.http.W3CHttpResponseCodec.decode(W3CHttpResponseCodec.java:122)
at org.openqa.selenium.remote.http.W3CHttpResponseCodec.decode(W3CHttpResponseCodec.java:49)
at org.openqa.selenium.remote.HttpCommandExecutor.execute(HttpCommandExecutor.java:158)
at org.openqa.selenium.remote.service.DriverCommandExecutor.execute(DriverCommandExecutor.java:83)
at org.openqa.selenium.remote.RemoteWebDriver.execute(RemoteWebDriver.java:548)
at org.openqa.selenium.remote.RemoteWebDriver.execute(RemoteWebDriver.java:605)
at org.openqa.selenium.remote.RemoteWebDriver.getScreenshotAs(RemoteWebDriver.java:294)
at com.uiFramework.companyName.projectName.helper.testBase.TestBase.captureScreen(TestBase.java:218)
at com.uiFramework.companyName.projectName.helper.testScripts.TestScreenShot.takeScreens(TestScreenShot.java:15)
at sun.reflect.NativeMethodAccessorImpl.invoke0(Native Method)
at sun.reflect.NativeMethodAccessorImpl.invoke(NativeMethodAccessorImpl.java:62)
at sun.reflect.DelegatingMethodAccessorImpl.invoke(DelegatingMethodAccessorImpl.java:43)
at java.lang.reflect.Method.invoke(Method.java:498)
at org.testng.internal.MethodInvocationHelper.invokeMethod(MethodInvocationHelper.java:124)
at org.testng.internal.Invoker.invokeMethod(Invoker.java:583)
at org.testng.internal.Invoker.invokeTestMethod(Invoker.java:719)
at org.testng.internal.Invoker.invokeTestMethods(Invoker.java:989)
at org.testng.internal.TestMethodWorker.invokeTestMethods(TestMethodWorker.java:125)
at org.testng.internal.TestMethodWorker.run(TestMethodWorker.java:109)
at org.testng.TestRunner.privateRun(TestRunner.java:648)
at org.testng.TestRunner.run(TestRunner.java:505)
at org.testng.SuiteRunner.runTest(SuiteRunner.java:455)
at org.testng.SuiteRunner.runSequentially(SuiteRunner.java:450)
at org.testng.SuiteRunner.privateRun(SuiteRunner.java:415)
at org.testng.SuiteRunner.run(SuiteRunner.java:364)
at org.testng.SuiteRunnerWorker.runSuite(SuiteRunnerWorker.java:52)
at org.testng.SuiteRunnerWorker.run(SuiteRunnerWorker.java:84)
at org.testng.TestNG.runSuitesSequentially(TestNG.java:1208)
at org.testng.TestNG.runSuitesLocally(TestNG.java:1137)
at org.testng.TestNG.runSuites(TestNG.java:1049)
at org.testng.TestNG.run(TestNG.java:1017)
at org.testng.remote.AbstractRemoteTestNG.run(AbstractRemoteTestNG.java:115)
at org.testng.remote.RemoteTestNG.initAndRun(RemoteTestNG.java:251)
at org.testng.remote.RemoteTestNG.main(RemoteTestNG.java:77)
]]>
            </full-stacktrace>
          </exception> <!-- org.openqa.selenium.WebDriverException -->
          <reporter-output>
            <line>
              <![CDATA[takeScreens Test started..]]>
            </line>
            <line>
              <![CDATA[takeScreens Test failure..]]>
            </line>
          </reporter-output>
        </test-method> <!-- takeScreens -->
        <test-method status="PASS" signature="beforeMethod(java.lang.reflect.Method)[pri:0, instance:com.uiFramework.companyName.projectName.helper.testScripts.TestScreenShot@5d76b067]" name="beforeMethod" is-config="true" duration-ms="0" started-at="2019-08-19T16:00:24Z" finished-at="2019-08-19T16:00:24Z">
          <params>
            <param index="0">
              <value>
                <![CDATA[public void com.uiFramework.companyName.projectName.helper.testScripts.TestScreenShot.takeScreens()]]>
              </value>
            </param>
          </params>
          <reporter-output>
          </reporter-output>
        </test-method> <!-- beforeMethod -->
        <test-method status="FAIL" signature="afterMethod(org.testng.ITestResult)[pri:0, instance:com.uiFramework.companyName.projectName.helper.testScripts.TestScreenShot@5d76b067]" name="afterMethod" is-config="true" duration-ms="6015" started-at="2019-08-19T16:00:34Z" finished-at="2019-08-19T16:00:40Z">
          <params>
            <param index="0">
              <value>
                <![CDATA[[TestResult name=takeScreens status=FAILURE method=TestScreenShot.takeScreens()[pri:0, instance:com.uiFramework.companyName.projectName.helper.testScripts.TestScreenShot@5d76b067] output=takeScreens Test started..]]]>
              </value>
            </param>
          </params>
          <exception class="org.openqa.selenium.WebDriverException">
            <message>
              <![CDATA[chrome not reachable
  (Session info: chrome=76.0.3809.100)
Build info: version: '3.14.0', revision: 'aacccce0', time: '2018-08-02T20:19:58.91Z'
System info: host: 'ATUPADHY-WX-1', ip: '192.168.227.1', os.name: 'Windows 10', os.arch: 'amd64', os.version: '10.0', java.version: '1.8.0_111'
Driver info: org.openqa.selenium.chrome.ChromeDriver
Capabilities {acceptInsecureCerts: false, browserName: chrome, browserVersion: 76.0.3809.100, chrome: {chromedriverVersion: 75.0.3770.140 (2d9f97485c7b..., userDataDir: C:\Users\atupadhy\AppData\L...}, goog:chromeOptions: {debuggerAddress: localhost:10380}, javascriptEnabled: true, networkConnectionEnabled: false, pageLoadStrategy: normal, platform: XP, platformName: XP, proxy: Proxy(), setWindowRect: true, strictFileInteractability: false, timeouts: {implicit: 0, pageLoad: 300000, script: 30000}, unhandledPromptBehavior: dismiss and notify}
Session ID: babf81af69eca9f68af0f77fb55981de]]>
            </message>
            <full-stacktrace>
              <![CDATA[org.openqa.selenium.WebDriverException: chrome not reachable
  (Session info: chrome=76.0.3809.100)
Build info: version: '3.14.0', revision: 'aacccce0', time: '2018-08-02T20:19:58.91Z'
System info: host: 'ATUPADHY-WX-1', ip: '192.168.227.1', os.name: 'Windows 10', os.arch: 'amd64', os.version: '10.0', java.version: '1.8.0_111'
Driver info: org.openqa.selenium.chrome.ChromeDriver
Capabilities {acceptInsecureCerts: false, browserName: chrome, browserVersion: 76.0.3809.100, chrome: {chromedriverVersion: 75.0.3770.140 (2d9f97485c7b..., userDataDir: C:\Users\atupadhy\AppData\L...}, goog:chromeOptions: {debuggerAddress: localhost:10380}, javascriptEnabled: true, networkConnectionEnabled: false, pageLoadStrategy: normal, platform: XP, platformName: XP, proxy: Proxy(), setWindowRect: true, strictFileInteractability: false, timeouts: {implicit: 0, pageLoad: 300000, script: 30000}, unhandledPromptBehavior: dismiss and notify}
Session ID: babf81af69eca9f68af0f77fb55981de
at sun.reflect.NativeConstructorAccessorImpl.newInstance0(Native Method)
at sun.reflect.NativeConstructorAccessorImpl.newInstance(NativeConstructorAccessorImpl.java:62)
at sun.reflect.DelegatingConstructorAccessorImpl.newInstance(DelegatingConstructorAccessorImpl.java:45)
at java.lang.reflect.Constructor.newInstance(Constructor.java:423)
at org.openqa.selenium.remote.http.W3CHttpResponseCodec.createException(W3CHttpResponseCodec.java:187)
at org.openqa.selenium.remote.http.W3CHttpResponseCodec.decode(W3CHttpResponseCodec.java:122)
at org.openqa.selenium.remote.http.W3CHttpResponseCodec.decode(W3CHttpResponseCodec.java:49)
at org.openqa.selenium.remote.HttpCommandExecutor.execute(HttpCommandExecutor.java:158)
at org.openqa.selenium.remote.service.DriverCommandExecutor.execute(DriverCommandExecutor.java:83)
at org.openqa.selenium.remote.RemoteWebDriver.execute(RemoteWebDriver.java:548)
at org.openqa.selenium.remote.RemoteWebDriver.execute(RemoteWebDriver.java:605)
at org.openqa.selenium.remote.RemoteWebDriver.getScreenshotAs(RemoteWebDriver.java:294)
at com.uiFramework.companyName.projectName.helper.testBase.TestBase.captureScreen(TestBase.java:218)
at com.uiFramework.companyName.projectName.helper.testBase.TestBase.afterMethod(TestBase.java:110)
at sun.reflect.NativeMethodAccessorImpl.invoke0(Native Method)
at sun.reflect.NativeMethodAccessorImpl.invoke(NativeMethodAccessorImpl.java:62)
at sun.reflect.DelegatingMethodAccessorImpl.invoke(DelegatingMethodAccessorImpl.java:43)
at java.lang.reflect.Method.invoke(Method.java:498)
at org.testng.internal.MethodInvocationHelper.invokeMethod(MethodInvocationHelper.java:124)
at org.testng.internal.MethodInvocationHelper.invokeMethodConsideringTimeout(MethodInvocationHelper.java:59)
at org.testng.internal.Invoker.invokeConfigurationMethod(Invoker.java:458)
at org.testng.internal.Invoker.invokeConfigurations(Invoker.java:222)
at org.testng.internal.Invoker.invokeMethod(Invoker.java:646)
at org.testng.internal.Invoker.invokeTestMethod(Invoker.java:719)
at org.testng.internal.Invoker.invokeTestMethods(Invoker.java:989)
at org.testng.internal.TestMethodWorker.invokeTestMethods(TestMethodWorker.java:125)
at org.testng.internal.TestMethodWorker.run(TestMethodWorker.java:109)
at org.testng.TestRunner.privateRun(TestRunner.java:648)
at org.testng.TestRunner.run(TestRunner.java:505)
at org.testng.SuiteRunner.runTest(SuiteRunner.java:455)
at org.testng.SuiteRunner.runSequentially(SuiteRunner.java:450)
at org.testng.SuiteRunner.privateRun(SuiteRunner.java:415)
at org.testng.SuiteRunner.run(SuiteRunner.java:364)
at org.testng.SuiteRunnerWorker.runSuite(SuiteRunnerWorker.java:52)
at org.testng.SuiteRunnerWorker.run(SuiteRunnerWorker.java:84)
at org.testng.TestNG.runSuitesSequentially(TestNG.java:1208)
at org.testng.TestNG.runSuitesLocally(TestNG.java:1137)
at org.testng.TestNG.runSuites(TestNG.java:1049)
at org.testng.TestNG.run(TestNG.java:1017)
at org.testng.remote.AbstractRemoteTestNG.run(AbstractRemoteTestNG.java:115)
at org.testng.remote.RemoteTestNG.initAndRun(RemoteTestNG.java:251)
at org.testng.remote.RemoteTestNG.main(RemoteTestNG.java:77)
]]>
            </full-stacktrace>
          </exception> <!-- org.openqa.selenium.WebDriverException -->
          <reporter-output>
          </reporter-output>
        </test-method> <!-- afterMethod -->
      </class> <!-- com.uiFramework.companyName.projectName.helper.testScripts.TestScreenShot -->
    </test> <!-- TakeScreenshot -->
  </suite> <!-- Regression Suite -->
</testng-results>
